MPASM 5.86                          MAIN.ASM   10-10-2020  22:37:49         PAGE  1


LOC  OBJECT CODE     LINE SOURCE TEXT
  VALUE

                      00001 
                      00002     title "main.asm - ANDing variables"
                      00003     ;
                      00004     ; ANDs a few variables for testing
                      00005     ; Hardware Notes:
                      00006     ;   Not intended to be run on hardware
                      00007     ;
                      00008     ; Rayhaan Tanweer
                      00009     ; October 10, 2020
                      00010     ; ---------------------------------------------------------------------------------------------
                      00011     ; Setup
                      00012     LIST R=DEC                  ; the default numbering system is decimal
                      00013     INCLUDE "p16f684.inc"       ; include the header file for this PIC
                      00001         LIST
                      00002 
                      00003 ;==========================================================================
                      00004 ; Build date : Oct 24 2019
                      00005 ;  MPASM PIC16F684 processor include
                      00006 ; 
                      00007 ;  (c) Copyright 1999-2019 Microchip Technology, All rights reserved
                      00008 ;==========================================================================
                      00009 
                      00524         LIST
                      00014                                 ; header connects labels to specific memory addresses
                      00015         
2007   30E4           00016      __CONFIG _FCMEN_OFF & _IESO_OFF & _BOD_OFF & _CPD_OFF & _CP_OFF & _MCLRE_ON & _PWRTE_ON & _WDT_OFF 
                            & _INTOSCIO ; put this all one ONE line
                      00017         
                      00018     ; variables
                      00019     CBLOCK 0x20             ; assigns variables to first available GPRs, beginning at 0x20
                      00020     
  00000020            00021     i
  00000021            00022     j
  00000022            00023     k
  00000023            00024     result
                      00025         
                      00026     ENDC
                      00027         
                      00028     ; ---------------------------------------------------------------------------------------------
MPASM 5.86                          MAIN.ASM   10-10-2020  22:37:49         PAGE  2
main.asm - ANDing variables

LOC  OBJECT CODE     LINE SOURCE TEXT
  VALUE

                      00029     PAGE
                      00030     ; Main code
                      00031     
0000                  00032     org 0
                      00033     
0000   30AF           00034     MOVLW 0xaf
0001   00A0           00035     MOVWF i
                      00036     
0002   303B           00037     MOVLW 0x3b
0003   00A1           00038     MOVWF j
                      00039     
0004   30D4           00040     MOVLW 0xd4
0005   00A2           00041     MOVWF k
                      00042     
0006   0820           00043     MOVF i,0
0007   0521           00044     ANDWF j,0
0008   00A3           00045     MOVWF result
0009   0823           00046     MOVF result,0
000A   0522           00047     ANDWF k,0
000B   00A3           00048     MOVWF result
                      00049     
000C   280C           00050     goto $
                      00051     
                      00052     ; ---------------------------------------------------------------------------------------------
MPASM 5.86                          MAIN.ASM   10-10-2020  22:37:49         PAGE  3
main.asm - ANDing variables

LOC  OBJECT CODE     LINE SOURCE TEXT
  VALUE

                      00053     PAGE
                      00054     ; Subroutines/Methods
                      00055     
                      00056     end
MPASM 5.86                          MAIN.ASM   10-10-2020  22:37:49         PAGE  4
main.asm - ANDing variables

SYMBOL TABLE
  LABEL                             VALUE 

ADCON0                            0000001F
ADCON1                            0000009F
ADCS0                             00000004
ADCS1                             00000005
ADCS2                             00000006
ADFM                              00000007
ADIE                              00000006
ADIF                              00000006
ADON                              00000000
ADRESH                            0000001E
ADRESL                            0000009E
ANS0                              00000000
ANS1                              00000001
ANS2                              00000002
ANS3                              00000003
ANS4                              00000004
ANS5                              00000005
ANS6                              00000006
ANS7                              00000007
ANSEL                             00000091
C                                 00000000
C1IE                              00000003
C1IF                              00000003
C1INV                             00000004
C1OUT                             00000006
C2IE                              00000004
C2IF                              00000004
C2INV                             00000005
C2OUT                             00000007
C2SYNC                            00000000
CCP1CON                           00000015
CCP1IE                            00000005
CCP1IF                            00000005
CCP1M0                            00000000
CCP1M1                            00000001
CCP1M2                            00000002
CCP1M3                            00000003
CCPR1                             00000013
CCPR1H                            00000014
CCPR1L                            00000013
CHS0                              00000002
CHS1                              00000003
CHS2                              00000004
CIS                               00000003
CM0                               00000000
CM1                               00000001
CM2                               00000002
CMCON0                            00000019
CMCON1                            0000001A
DC                                00000001
DC1B0                             00000004
DC1B1                             00000005
ECCPAS                            00000017
MPASM 5.86                          MAIN.ASM   10-10-2020  22:37:49         PAGE  5
main.asm - ANDing variables

SYMBOL TABLE
  LABEL                             VALUE 

ECCPAS0                           00000004
ECCPAS1                           00000005
ECCPAS2                           00000006
ECCPASE                           00000007
ECCPIE                            00000005
ECCPIF                            00000005
EEADR                             0000009B
EECON1                            0000009C
EECON2                            0000009D
EEDAT                             0000009A
EEDATA                            0000009A
EEIE                              00000007
EEIF                              00000007
F                                 00000001
FSR                               00000004
GIE                               00000007
GO                                00000001
GO_DONE                           00000001
GO_NOT_DONE                       00000001
HTS                               00000002
INDF                              00000000
INTCON                            0000000B
INTE                              00000004
INTEDG                            00000006
INTF                              00000001
IOC                               00000096
IOC0                              00000000
IOC1                              00000001
IOC2                              00000002
IOC3                              00000003
IOC4                              00000004
IOC5                              00000005
IOCA                              00000096
IOCA0                             00000000
IOCA1                             00000001
IOCA2                             00000002
IOCA3                             00000003
IOCA4                             00000004
IOCA5                             00000005
IRCF0                             00000004
IRCF1                             00000005
IRCF2                             00000006
IRP                               00000007
LTS                               00000001
NOT_BOD                           00000000
NOT_BOR                           00000000
NOT_DONE                          00000001
NOT_PD                            00000003
NOT_POR                           00000001
NOT_RAPU                          00000007
NOT_T1SYNC                        00000002
NOT_TO                            00000004
OPTION_REG                        00000081
MPASM 5.86                          MAIN.ASM   10-10-2020  22:37:49         PAGE  6
main.asm - ANDing variables

SYMBOL TABLE
  LABEL                             VALUE 

OSCCON                            0000008F
OSCTUNE                           00000090
OSFIE                             00000002
OSFIF                             00000002
OSTS                              00000003
P1M0                              00000006
P1M1                              00000007
PCL                               00000002
PCLATH                            0000000A
PCON                              0000008E
PDC0                              00000000
PDC1                              00000001
PDC2                              00000002
PDC3                              00000003
PDC4                              00000004
PDC5                              00000005
PDC6                              00000006
PEIE                              00000006
PIE1                              0000008C
PIR1                              0000000C
PORTA                             00000005
PORTC                             00000007
PR2                               00000092
PRSEN                             00000007
PS0                               00000000
PS1                               00000001
PS2                               00000002
PSA                               00000003
PSSAC0                            00000002
PSSAC1                            00000003
PSSBD0                            00000000
PSSBD1                            00000001
PWM1CON                           00000016
RA0                               00000000
RA1                               00000001
RA2                               00000002
RA3                               00000003
RA4                               00000004
RA5                               00000005
RAIE                              00000003
RAIF                              00000000
RC0                               00000000
RC1                               00000001
RC2                               00000002
RC3                               00000003
RC4                               00000004
RC5                               00000005
RD                                00000000
RP0                               00000005
RP1                               00000006
SBODEN                            00000004
SBOREN                            00000004
SCS                               00000000
MPASM 5.86                          MAIN.ASM   10-10-2020  22:37:49         PAGE  7
main.asm - ANDing variables

SYMBOL TABLE
  LABEL                             VALUE 

STATUS                            00000003
SWDTEN                            00000000
T0CS                              00000005
T0IE                              00000005
T0IF                              00000002
T0SE                              00000004
T1CKPS0                           00000004
T1CKPS1                           00000005
T1CON                             00000010
T1GINV                            00000007
T1GSS                             00000001
T1IE                              00000000
T1IF                              00000000
T1OSCEN                           00000003
T2CKPS0                           00000000
T2CKPS1                           00000001
T2CON                             00000012
T2IE                              00000001
T2IF                              00000001
TMR0                              00000001
TMR0IE                            00000005
TMR0IF                            00000002
TMR1                              0000000E
TMR1CS                            00000001
TMR1GE                            00000006
TMR1H                             0000000F
TMR1IE                            00000000
TMR1IF                            00000000
TMR1L                             0000000E
TMR1ON                            00000000
TMR2                              00000011
TMR2IE                            00000001
TMR2IF                            00000001
TMR2ON                            00000002
TOUTPS0                           00000003
TOUTPS1                           00000004
TOUTPS2                           00000005
TOUTPS3                           00000006
TRISA                             00000085
TRISA0                            00000000
TRISA1                            00000001
TRISA2                            00000002
TRISA3                            00000003
TRISA4                            00000004
TRISA5                            00000005
TRISC                             00000087
TRISC0                            00000000
TRISC1                            00000001
TRISC2                            00000002
TRISC3                            00000003
TRISC4                            00000004
TRISC5                            00000005
TUN0                              00000000
MPASM 5.86                          MAIN.ASM   10-10-2020  22:37:49         PAGE  8
main.asm - ANDing variables

SYMBOL TABLE
  LABEL                             VALUE 

TUN1                              00000001
TUN2                              00000002
TUN3                              00000003
TUN4                              00000004
ULPWUE                            00000005
VCFG                              00000006
VR0                               00000000
VR1                               00000001
VR2                               00000002
VR3                               00000003
VRCON                             00000099
VREN                              00000007
VRR                               00000005
W                                 00000000
WDTCON                            00000018
WDTPS0                            00000001
WDTPS1                            00000002
WDTPS2                            00000003
WDTPS3                            00000004
WPU                               00000095
WPU0                              00000000
WPU1                              00000001
WPU2                              00000002
WPU4                              00000004
WPU5                              00000005
WPUA                              00000095
WPUA0                             00000000
WPUA1                             00000001
WPUA2                             00000002
WPUA4                             00000004
WPUA5                             00000005
WR                                00000001
WREN                              00000002
WRERR                             00000003
Z                                 00000002
_BOD_NSLEEP                       00003EFF
_BOD_OFF                          00003CFF
_BOD_ON                           00003FFF
_BOD_SBODEN                       00003DFF
_BOREN_NSLEEP                     00003EFF
_BOREN_OFF                        00003CFF
_BOREN_ON                         00003FFF
_BOREN_SBODEN                     00003DFF
_CONFIG                           00002007
_CPD_OFF                          00003FFF
_CPD_ON                           00003F7F
_CP_OFF                           00003FFF
_CP_ON                            00003FBF
_DEVID1                           00002006
_EC_OSC                           00003FFB
_EXTRC                            00003FFF
_EXTRCIO                          00003FFE
_EXTRC_OSC_CLKOUT                 00003FFF
MPASM 5.86                          MAIN.ASM   10-10-2020  22:37:49         PAGE  9
main.asm - ANDing variables

SYMBOL TABLE
  LABEL                             VALUE 

_EXTRC_OSC_NOCLKOUT               00003FFE
_FCMEN_OFF                        000037FF
_FCMEN_ON                         00003FFF
_FOSC_EC                          00003FFB
_FOSC_EXTRCCLK                    00003FFF
_FOSC_EXTRCIO                     00003FFE
_FOSC_HS                          00003FFA
_FOSC_INTOSCCLK                   00003FFD
_FOSC_INTOSCIO                    00003FFC
_FOSC_LP                          00003FF8
_FOSC_XT                          00003FF9
_HS_OSC                           00003FFA
_IDLOC0                           00002000
_IDLOC1                           00002001
_IDLOC2                           00002002
_IDLOC3                           00002003
_IESO_OFF                         00003BFF
_IESO_ON                          00003FFF
_INTOSC                           00003FFD
_INTOSCIO                         00003FFC
_INTRC_OSC_CLKOUT                 00003FFD
_INTRC_OSC_NOCLKOUT               00003FFC
_LP_OSC                           00003FF8
_MCLRE_OFF                        00003FDF
_MCLRE_ON                         00003FFF
_PWRTE_OFF                        00003FFF
_PWRTE_ON                         00003FEF
_WDTE_OFF                         00003FF7
_WDTE_ON                          00003FFF
_WDT_OFF                          00003FF7
_WDT_ON                           00003FFF
_XT_OSC                           00003FF9
__16F684                          00000001
__DEBUG                           
__MPLAB_DEBUGGER_SIMULATOR        1
i                                 00000020
j                                 00000021
k                                 00000022
result                            00000023


MEMORY USAGE MAP ('X' = Used,  '-' = Unused)

0000 : XXXXXXXXXXXXX--- ---------------- ---------------- ----------------
2000 : -------X-------- ---------------- ---------------- ----------------

All other memory blocks unused.

Program Memory Words Used:    13
Program Memory Words Free:  2035

MPASM 5.86                          MAIN.ASM   10-10-2020  22:37:49         PAGE 10
main.asm - ANDing variables





Errors   :     0
Warnings :     0 reported,     0 suppressed
Messages :     0 reported,     0 suppressed

